# JRE version: OpenJDK Runtime Environment (8.0_212-b04) (build 1.8.0_212-release-1586-b04)
# Java VM: OpenJDK 64-Bit Server VM (25.212-b04 mixed mode windows-amd64 compressed oops)
Heap:
 PSYoungGen      total 75264K, used 36476K [0x00000000d5f00000, 0x00000000dc900000, 0x0000000100000000)
  eden space 60416K, 35% used [0x00000000d5f00000,0x00000000d7421510,0x00000000d9a00000)
  from space 14848K, 99% used [0x00000000dba80000,0x00000000dc8fdee0,0x00000000dc900000)
  to   space 15360K, 0% used [0x00000000d9a00000,0x00000000d9a00000,0x00000000da900000)
 ParOldGen       total 119296K, used 20413K [0x0000000081c00000, 0x0000000089080000, 0x00000000d5f00000)
  object space 119296K, 17% used [0x0000000081c00000,0x0000000082fef4b8,0x0000000089080000)
 Metaspace       used 44534K, capacity 45320K, committed 45616K, reserved 1089536K
  class space    used 5429K, capacity 5633K, committed 5680K, reserved 1048576K
GC Heap History (10 events):
Event: 6.604 GC heap before
{Heap before GC invocations=6 (full 1):
 PSYoungGen      total 50176K, used 50170K [0x00000000d5f00000, 0x00000000daa00000, 0x0000000100000000)
  eden space 45056K, 100% used [0x00000000d5f00000,0x00000000d8b00000,0x00000000d8b00000)
  from space 5120K, 99% used [0x00000000da500000,0x00000000da9feaa8,0x00000000daa00000)
  to   space 5120K, 0% used [0x00000000da000000,0x00000000da000000,0x00000000da500000)
 ParOldGen       total 68608K, used 11268K [0x0000000081c00000, 0x0000000085f00000, 0x00000000d5f00000)
  object space 68608K, 16% used [0x0000000081c00000,0x0000000082701370,0x0000000085f00000)
 Metaspace       used 32115K, capacity 32640K, committed 32944K, reserved 1077248K
  class space    used 4060K, capacity 4219K, committed 4272K, reserved 1048576K
Event: 6.614 GC heap after
Heap after GC invocations=6 (full 1):
 PSYoungGen      total 65024K, used 5090K [0x00000000d5f00000, 0x00000000db880000, 0x0000000100000000)
  eden space 59904K, 0% used [0x00000000d5f00000,0x00000000d5f00000,0x00000000d9980000)
  from space 5120K, 99% used [0x00000000da000000,0x00000000da4f8918,0x00000000da500000)
  to   space 15872K, 0% used [0x00000000da900000,0x00000000da900000,0x00000000db880000)
 ParOldGen       total 68608K, used 22506K [0x0000000081c00000, 0x0000000085f00000, 0x00000000d5f00000)
  object space 68608K, 32% used [0x0000000081c00000,0x00000000831faba8,0x0000000085f00000)
 Metaspace       used 32115K, capacity 32640K, committed 32944K, reserved 1077248K
  class space    used 4060K, capacity 4219K, committed 4272K, reserved 1048576K
}
Event: 7.355 GC heap before
{Heap before GC invocations=7 (full 1):
 PSYoungGen      total 65024K, used 15986K [0x00000000d5f00000, 0x00000000db880000, 0x0000000100000000)
  eden space 59904K, 18% used [0x00000000d5f00000,0x00000000d69a41d8,0x00000000d9980000)
  from space 5120K, 99% used [0x00000000da000000,0x00000000da4f8918,0x00000000da500000)
  to   space 15872K, 0% used [0x00000000da900000,0x00000000da900000,0x00000000db880000)
 ParOldGen       total 68608K, used 22506K [0x0000000081c00000, 0x0000000085f00000, 0x00000000d5f00000)
  object space 68608K, 32% used [0x0000000081c00000,0x00000000831faba8,0x0000000085f00000)
 Metaspace       used 34635K, capacity 35186K, committed 35496K, reserved 1081344K
  class space    used 4407K, capacity 4550K, committed 4656K, reserved 1048576K
Event: 7.364 GC heap after
Heap after GC invocations=7 (full 1):
 PSYoungGen      total 76288K, used 8147K [0x00000000d5f00000, 0x00000000dcb80000, 0x0000000100000000)
  eden space 60416K, 0% used [0x00000000d5f00000,0x00000000d5f00000,0x00000000d9a00000)
  from space 15872K, 51% used [0x00000000da900000,0x00000000db0f4e60,0x00000000db880000)
  to   space 15360K, 0% used [0x00000000d9a00000,0x00000000d9a00000,0x00000000da900000)
 ParOldGen       total 68608K, used 22514K [0x0000000081c00000, 0x0000000085f00000, 0x00000000d5f00000)
  object space 68608K, 32% used [0x0000000081c00000,0x00000000831fcba8,0x0000000085f00000)
 Metaspace       used 34635K, capacity 35186K, committed 35496K, reserved 1081344K
  class space    used 4407K, capacity 4550K, committed 4656K, reserved 1048576K
}
Event: 7.364 GC heap before
{Heap before GC invocations=8 (full 2):
 PSYoungGen      total 76288K, used 8147K [0x00000000d5f00000, 0x00000000dcb80000, 0x0000000100000000)
  eden space 60416K, 0% used [0x00000000d5f00000,0x00000000d5f00000,0x00000000d9a00000)
  from space 15872K, 51% used [0x00000000da900000,0x00000000db0f4e60,0x00000000db880000)
  to   space 15360K, 0% used [0x00000000d9a00000,0x00000000d9a00000,0x00000000da900000)
 ParOldGen       total 68608K, used 22514K [0x0000000081c00000, 0x0000000085f00000, 0x00000000d5f00000)
  object space 68608K, 32% used [0x0000000081c00000,0x00000000831fcba8,0x0000000085f00000)
 Metaspace       used 34635K, capacity 35186K, committed 35496K, reserved 1081344K
  class space    used 4407K, capacity 4550K, committed 4656K, reserved 1048576K
Event: 7.442 GC heap after
Heap after GC invocations=8 (full 2):
 PSYoungGen      total 76288K, used 0K [0x00000000d5f00000, 0x00000000dcb80000, 0x0000000100000000)
  eden space 60416K, 0% used [0x00000000d5f00000,0x00000000d5f00000,0x00000000d9a00000)
  from space 15872K, 0% used [0x00000000da900000,0x00000000da900000,0x00000000db880000)
  to   space 15360K, 0% used [0x00000000d9a00000,0x00000000d9a00000,0x00000000da900000)
 ParOldGen       total 119296K, used 16752K [0x0000000081c00000, 0x0000000089080000, 0x00000000d5f00000)
  object space 119296K, 14% used [0x0000000081c00000,0x0000000082c5c3c0,0x0000000089080000)
 Metaspace       used 34635K, capacity 35186K, committed 35496K, reserved 1081344K
  class space    used 4407K, capacity 4550K, committed 4656K, reserved 1048576K
}
Event: 8.534 GC heap before
{Heap before GC invocations=9 (full 2):
 PSYoungGen      total 76288K, used 60416K [0x00000000d5f00000, 0x00000000dcb80000, 0x0000000100000000)
  eden space 60416K, 100% used [0x00000000d5f00000,0x00000000d9a00000,0x00000000d9a00000)
  from space 15872K, 0% used [0x00000000da900000,0x00000000da900000,0x00000000db880000)
  to   space 15360K, 0% used [0x00000000d9a00000,0x00000000d9a00000,0x00000000da900000)
 ParOldGen       total 119296K, used 16752K [0x0000000081c00000, 0x0000000089080000, 0x00000000d5f00000)
  object space 119296K, 14% used [0x0000000081c00000,0x0000000082c5c3c0,0x0000000089080000)
 Metaspace       used 40285K, capacity 40950K, committed 41136K, reserved 1085440K
  class space    used 5055K, capacity 5218K, committed 5296K, reserved 1048576K
Event: 8.542 GC heap after
Heap after GC invocations=9 (full 2):
 PSYoungGen      total 75776K, used 10829K [0x00000000d5f00000, 0x00000000dc900000, 0x0000000100000000)
  eden space 60416K, 0% used [0x00000000d5f00000,0x00000000d5f00000,0x00000000d9a00000)
  from space 15360K, 70% used [0x00000000d9a00000,0x00000000da4934b8,0x00000000da900000)
  to   space 14848K, 0% used [0x00000000dba80000,0x00000000dba80000,0x00000000dc900000)
 ParOldGen       total 119296K, used 16760K [0x0000000081c00000, 0x0000000089080000, 0x00000000d5f00000)
  object space 119296K, 14% used [0x0000000081c00000,0x0000000082c5e3c0,0x0000000089080000)
 Metaspace       used 40285K, capacity 40950K, committed 41136K, reserved 1085440K
  class space    used 5055K, capacity 5218K, committed 5296K, reserved 1048576K
}
Event: 9.692 GC heap before
{Heap before GC invocations=10 (full 2):
 PSYoungGen      total 75776K, used 71245K [0x00000000d5f00000, 0x00000000dc900000, 0x0000000100000000)
  eden space 60416K, 100% used [0x00000000d5f00000,0x00000000d9a00000,0x00000000d9a00000)
  from space 15360K, 70% used [0x00000000d9a00000,0x00000000da4934b8,0x00000000da900000)
  to   space 14848K, 0% used [0x00000000dba80000,0x00000000dba80000,0x00000000dc900000)
 ParOldGen       total 119296K, used 16760K [0x0000000081c00000, 0x0000000089080000, 0x00000000d5f00000)
  object space 119296K, 14% used [0x0000000081c00000,0x0000000082c5e3c0,0x0000000089080000)
 Metaspace       used 42656K, capacity 43392K, committed 43568K, reserved 1087488K
  class space    used 5193K, capacity 5361K, committed 5424K, reserved 1048576K
Event: 9.713 GC heap after
Heap after GC invocations=10 (full 2):
 PSYoungGen      total 75264K, used 14839K [0x00000000d5f00000, 0x00000000dc900000, 0x0000000100000000)
  eden space 60416K, 0% used [0x00000000d5f00000,0x00000000d5f00000,0x00000000d9a00000)
  from space 14848K, 99% used [0x00000000dba80000,0x00000000dc8fdee0,0x00000000dc900000)
  to   space 15360K, 0% used [0x00000000d9a00000,0x00000000d9a00000,0x00000000da900000)
 ParOldGen       total 119296K, used 20413K [0x0000000081c00000, 0x0000000089080000, 0x00000000d5f00000)
  object space 119296K, 17% used [0x0000000081c00000,0x0000000082fef4b8,0x0000000089080000)
 Metaspace       used 42656K, capacity 43392K, committed 43568K, reserved 1087488K
  class space    used 5193K, capacity 5361K, committed 5424K, reserved 1048576K
}

